<?xml version="1.0" encoding="UTF-8"?>
<!-- Generated by org.testng.reporters.JUnitXMLReporter -->
<testsuite ignored="0" hostname="LT-IT-025" failures="0" tests="3" name="Error Validations Test" time="52.275" errors="0" timestamp="2023-03-04T09:41:25 CET">
  <testcase classname="Tests.ErrorValidationsTest" name="LoginErrorValidation" time="22.51">
    <skipped/>
  </testcase> <!-- LoginErrorValidation -->
  <testcase classname="Tests.ErrorValidationsTest" name="LoginErrorValidation" time="1.037"/>
  <testcase classname="Tests.ErrorValidationsTest" name="ProductErrorValidation" time="11.616"/>
</testsuite> <!-- Error Validations Test -->
