<?xml version="1.0" encoding="UTF-8"?>
<!-- Generated by org.testng.reporters.JUnitXMLReporter -->
<testsuite ignored="0" hostname="LT-IT-025" failures="0" tests="3" name="Submit Order Test" time="41.069" errors="0" timestamp="2023-03-03T21:57:57 CET">
  <testcase classname="Tests.SubmitOrderTest" name="SubmitOrderTest" time="12.588"/>
  <testcase classname="Tests.SubmitOrderTest" name="SubmitOrderTest" time="12.647"/>
  <testcase classname="Tests.SubmitOrderTest" name="OrderHistoryTest" time="0.758"/>
</testsuite> <!-- Submit Order Test -->
