<?xml version="1.0" encoding="UTF-8"?>
<!-- Generated by org.testng.reporters.JUnitXMLReporter -->
<testsuite ignored="0" hostname="LT-IT-025" failures="0" tests="3" name="Submit Order Test" time="45.119" errors="0" timestamp="2023-03-04T09:41:18 CET">
  <testcase classname="Tests.SubmitOrderTest" name="SubmitOrderTest" time="13.18"/>
  <testcase classname="Tests.SubmitOrderTest" name="SubmitOrderTest" time="12.751"/>
  <testcase classname="Tests.SubmitOrderTest" name="OrderHistoryTest" time="0.963"/>
</testsuite> <!-- Submit Order Test -->
