<?xml version="1.0" encoding="UTF-8"?>
<testng-results ignored="0" total="5" passed="5" failed="0" skipped="0">
  <reporter-output>
  </reporter-output>
  <suite started-at="2023-03-03T21:57:16 CET" name="Suite" finished-at="2023-03-03T21:57:57 CET" duration-ms="41069">
    <groups>
      <group name="ErrorHandling">
        <method signature="ErrorValidationsTest.LoginErrorValidation()[pri:0, instance:Tests.ErrorValidationsTest@7d3e8655]" name="LoginErrorValidation" class="Tests.ErrorValidationsTest"/>
      </group> <!-- ErrorHandling -->
      <group name="Purchase">
        <method signature="SubmitOrderTest.SubmitOrderTest(java.util.HashMap)[pri:0, instance:Tests.SubmitOrderTest@6c4906d3]" name="SubmitOrderTest" class="Tests.SubmitOrderTest"/>
      </group> <!-- Purchase -->
    </groups>
    <test started-at="2023-03-03T21:57:16 CET" name="Standalone Test" finished-at="2023-03-03T21:57:16 CET" duration-ms="18">
    </test> <!-- Standalone Test -->
    <test started-at="2023-03-03T21:57:16 CET" name="Error Validations Test" finished-at="2023-03-03T21:57:41 CET" duration-ms="24559">
      <class name="Tests.ErrorValidationsTest">
        <test-method is-config="true" signature="launchApplication()[pri:0, instance:Tests.ErrorValidationsTest@7d3e8655]" started-at="2023-03-03T21:57:16 CET" name="launchApplication" finished-at="2023-03-03T21:57:24 CET" duration-ms="7943" status="PASS">
          <reporter-output>
          </reporter-output>
        </test-method> <!-- launchApplication -->
        <test-method signature="LoginErrorValidation()[pri:0, instance:Tests.ErrorValidationsTest@7d3e8655]" started-at="2023-03-03T21:57:24 CET" name="LoginErrorValidation" finished-at="2023-03-03T21:57:25 CET" duration-ms="1116" status="PASS">
          <reporter-output>
          </reporter-output>
        </test-method> <!-- LoginErrorValidation -->
        <test-method is-config="true" signature="TearDown()[pri:0, instance:Tests.ErrorValidationsTest@7d3e8655]" started-at="2023-03-03T21:57:25 CET" name="TearDown" finished-at="2023-03-03T21:57:25 CET" duration-ms="26" status="PASS">
          <reporter-output>
          </reporter-output>
        </test-method> <!-- TearDown -->
        <test-method is-config="true" signature="launchApplication()[pri:0, instance:Tests.ErrorValidationsTest@7d3e8655]" started-at="2023-03-03T21:57:25 CET" name="launchApplication" finished-at="2023-03-03T21:57:29 CET" duration-ms="3911" status="PASS">
          <reporter-output>
          </reporter-output>
        </test-method> <!-- launchApplication -->
        <test-method signature="ProductErrorValidation()[pri:0, instance:Tests.ErrorValidationsTest@7d3e8655]" started-at="2023-03-03T21:57:29 CET" name="ProductErrorValidation" finished-at="2023-03-03T21:57:41 CET" duration-ms="11464" status="PASS">
          <reporter-output>
          </reporter-output>
        </test-method> <!-- ProductErrorValidation -->
        <test-method is-config="true" signature="TearDown()[pri:0, instance:Tests.ErrorValidationsTest@7d3e8655]" started-at="2023-03-03T21:57:41 CET" name="TearDown" finished-at="2023-03-03T21:57:41 CET" duration-ms="20" status="PASS">
          <reporter-output>
          </reporter-output>
        </test-method> <!-- TearDown -->
      </class> <!-- Tests.ErrorValidationsTest -->
    </test> <!-- Error Validations Test -->
    <test started-at="2023-03-03T21:57:16 CET" name="Submit Order Test" finished-at="2023-03-03T21:57:57 CET" duration-ms="41069">
      <class name="Tests.SubmitOrderTest">
        <test-method is-config="true" signature="launchApplication()[pri:0, instance:Tests.SubmitOrderTest@6c4906d3]" started-at="2023-03-03T21:57:17 CET" name="launchApplication" finished-at="2023-03-03T21:57:24 CET" duration-ms="7392" status="PASS">
          <reporter-output>
          </reporter-output>
        </test-method> <!-- launchApplication -->
        <test-method signature="SubmitOrderTest(java.util.HashMap)[pri:0, instance:Tests.SubmitOrderTest@6c4906d3]" started-at="2023-03-03T21:57:24 CET" name="SubmitOrderTest" data-provider="getData" finished-at="2023-03-03T21:57:37 CET" duration-ms="12588" status="PASS">
          <params>
            <param index="0">
              <value>
                <![CDATA[{password=Summer01, product=ZARA COAT 3, email=izaecabs@gmail.com}]]>
              </value>
            </param>
          </params>
          <reporter-output>
          </reporter-output>
        </test-method> <!-- SubmitOrderTest -->
        <test-method is-config="true" signature="TearDown()[pri:0, instance:Tests.SubmitOrderTest@6c4906d3]" started-at="2023-03-03T21:57:37 CET" name="TearDown" finished-at="2023-03-03T21:57:37 CET" duration-ms="21" status="PASS">
          <reporter-output>
          </reporter-output>
        </test-method> <!-- TearDown -->
        <test-method is-config="true" signature="launchApplication()[pri:0, instance:Tests.SubmitOrderTest@6c4906d3]" started-at="2023-03-03T21:57:37 CET" name="launchApplication" finished-at="2023-03-03T21:57:40 CET" duration-ms="3507" status="PASS">
          <reporter-output>
          </reporter-output>
        </test-method> <!-- launchApplication -->
        <test-method signature="SubmitOrderTest(java.util.HashMap)[pri:0, instance:Tests.SubmitOrderTest@6c4906d3]" started-at="2023-03-03T21:57:40 CET" name="SubmitOrderTest" data-provider="getData" finished-at="2023-03-03T21:57:53 CET" duration-ms="12647" status="PASS">
          <params>
            <param index="0">
              <value>
                <![CDATA[{password=Summer01, product=ADIDAS ORIGINAL, email=iza.ecabs@gmail.com}]]>
              </value>
            </param>
          </params>
          <reporter-output>
          </reporter-output>
        </test-method> <!-- SubmitOrderTest -->
        <test-method is-config="true" signature="TearDown()[pri:0, instance:Tests.SubmitOrderTest@6c4906d3]" started-at="2023-03-03T21:57:53 CET" name="TearDown" finished-at="2023-03-03T21:57:53 CET" duration-ms="25" status="PASS">
          <reporter-output>
          </reporter-output>
        </test-method> <!-- TearDown -->
        <test-method is-config="true" signature="launchApplication()[pri:0, instance:Tests.SubmitOrderTest@6c4906d3]" started-at="2023-03-03T21:57:53 CET" name="launchApplication" finished-at="2023-03-03T21:57:56 CET" duration-ms="3492" status="PASS">
          <reporter-output>
          </reporter-output>
        </test-method> <!-- launchApplication -->
        <test-method signature="OrderHistoryTest()[pri:0, instance:Tests.SubmitOrderTest@6c4906d3]" started-at="2023-03-03T21:57:56 CET" name="OrderHistoryTest" finished-at="2023-03-03T21:57:57 CET" depends-on-methods="Tests.SubmitOrderTest.SubmitOrderTest" duration-ms="758" status="PASS">
          <reporter-output>
          </reporter-output>
        </test-method> <!-- OrderHistoryTest -->
        <test-method is-config="true" signature="TearDown()[pri:0, instance:Tests.SubmitOrderTest@6c4906d3]" started-at="2023-03-03T21:57:57 CET" name="TearDown" finished-at="2023-03-03T21:57:57 CET" duration-ms="21" status="PASS">
          <reporter-output>
          </reporter-output>
        </test-method> <!-- TearDown -->
      </class> <!-- Tests.SubmitOrderTest -->
    </test> <!-- Submit Order Test -->
  </suite> <!-- Suite -->
</testng-results>
