<?xml version="1.0" encoding="UTF-8"?>
<testng-results ignored="0" total="5" passed="5" failed="0" skipped="0">
  <reporter-output>
  </reporter-output>
  <suite started-at="2023-03-03T11:49:18 CET" name="Suite" finished-at="2023-03-03T11:49:57 CET" duration-ms="39024">
    <groups>
      <group name="ErrorHandling">
        <method signature="ErrorValidationsTest.LoginErrorValidation()[pri:0, instance:Tests.ErrorValidationsTest@20b2475a]" name="LoginErrorValidation" class="Tests.ErrorValidationsTest"/>
      </group> <!-- ErrorHandling -->
      <group name="Purchase">
        <method signature="SubmitOrderTest.SubmitOrderTest(java.util.HashMap)[pri:0, instance:Tests.SubmitOrderTest@514646ef]" name="SubmitOrderTest" class="Tests.SubmitOrderTest"/>
      </group> <!-- Purchase -->
    </groups>
    <test started-at="2023-03-03T11:49:18 CET" name="Standalone Test" finished-at="2023-03-03T11:49:18 CET" duration-ms="15">
    </test> <!-- Standalone Test -->
    <test started-at="2023-03-03T11:49:18 CET" name="Error Validations Test" finished-at="2023-03-03T11:49:40 CET" duration-ms="22642">
      <class name="Tests.ErrorValidationsTest">
        <test-method is-config="true" signature="launchApplication()[pri:0, instance:Tests.ErrorValidationsTest@20b2475a]" started-at="2023-03-03T11:49:18 CET" name="launchApplication" finished-at="2023-03-03T11:49:24 CET" duration-ms="6437" status="PASS">
          <reporter-output>
          </reporter-output>
        </test-method> <!-- launchApplication -->
        <test-method signature="LoginErrorValidation()[pri:0, instance:Tests.ErrorValidationsTest@20b2475a]" started-at="2023-03-03T11:49:24 CET" name="LoginErrorValidation" finished-at="2023-03-03T11:49:25 CET" duration-ms="699" status="PASS">
          <reporter-output>
          </reporter-output>
        </test-method> <!-- LoginErrorValidation -->
        <test-method is-config="true" signature="TearDown()[pri:0, instance:Tests.ErrorValidationsTest@20b2475a]" started-at="2023-03-03T11:49:25 CET" name="TearDown" finished-at="2023-03-03T11:49:25 CET" duration-ms="37" status="PASS">
          <reporter-output>
          </reporter-output>
        </test-method> <!-- TearDown -->
        <test-method is-config="true" signature="launchApplication()[pri:0, instance:Tests.ErrorValidationsTest@20b2475a]" started-at="2023-03-03T11:49:25 CET" name="launchApplication" finished-at="2023-03-03T11:49:28 CET" duration-ms="3657" status="PASS">
          <reporter-output>
          </reporter-output>
        </test-method> <!-- launchApplication -->
        <test-method signature="ProductErrorValidation()[pri:0, instance:Tests.ErrorValidationsTest@20b2475a]" started-at="2023-03-03T11:49:28 CET" name="ProductErrorValidation" finished-at="2023-03-03T11:49:40 CET" duration-ms="11700" status="PASS">
          <reporter-output>
          </reporter-output>
        </test-method> <!-- ProductErrorValidation -->
        <test-method is-config="true" signature="TearDown()[pri:0, instance:Tests.ErrorValidationsTest@20b2475a]" started-at="2023-03-03T11:49:40 CET" name="TearDown" finished-at="2023-03-03T11:49:40 CET" duration-ms="40" status="PASS">
          <reporter-output>
          </reporter-output>
        </test-method> <!-- TearDown -->
      </class> <!-- Tests.ErrorValidationsTest -->
    </test> <!-- Error Validations Test -->
    <test started-at="2023-03-03T11:49:18 CET" name="Submit Order Test" finished-at="2023-03-03T11:49:57 CET" duration-ms="39024">
      <class name="Tests.SubmitOrderTest">
        <test-method is-config="true" signature="launchApplication()[pri:0, instance:Tests.SubmitOrderTest@514646ef]" started-at="2023-03-03T11:49:18 CET" name="launchApplication" finished-at="2023-03-03T11:49:24 CET" duration-ms="6023" status="PASS">
          <reporter-output>
          </reporter-output>
        </test-method> <!-- launchApplication -->
        <test-method signature="SubmitOrderTest(java.util.HashMap)[pri:0, instance:Tests.SubmitOrderTest@514646ef]" started-at="2023-03-03T11:49:24 CET" name="SubmitOrderTest" data-provider="getData" finished-at="2023-03-03T11:49:36 CET" duration-ms="12329" status="PASS">
          <params>
            <param index="0">
              <value>
                <![CDATA[{password=Summer01, product=ZARA COAT 3, email=izaecabs@gmail.com}]]>
              </value>
            </param>
          </params>
          <reporter-output>
          </reporter-output>
        </test-method> <!-- SubmitOrderTest -->
        <test-method is-config="true" signature="TearDown()[pri:0, instance:Tests.SubmitOrderTest@514646ef]" started-at="2023-03-03T11:49:36 CET" name="TearDown" finished-at="2023-03-03T11:49:36 CET" duration-ms="21" status="PASS">
          <reporter-output>
          </reporter-output>
        </test-method> <!-- TearDown -->
        <test-method is-config="true" signature="launchApplication()[pri:0, instance:Tests.SubmitOrderTest@514646ef]" started-at="2023-03-03T11:49:36 CET" name="launchApplication" finished-at="2023-03-03T11:49:40 CET" duration-ms="3303" status="PASS">
          <reporter-output>
          </reporter-output>
        </test-method> <!-- launchApplication -->
        <test-method signature="SubmitOrderTest(java.util.HashMap)[pri:0, instance:Tests.SubmitOrderTest@514646ef]" started-at="2023-03-03T11:49:40 CET" name="SubmitOrderTest" data-provider="getData" finished-at="2023-03-03T11:49:52 CET" duration-ms="12490" status="PASS">
          <params>
            <param index="0">
              <value>
                <![CDATA[{password=Summer01, product=ADIDAS ORIGINAL, email=iza.ecabs@gmail.com}]]>
              </value>
            </param>
          </params>
          <reporter-output>
          </reporter-output>
        </test-method> <!-- SubmitOrderTest -->
        <test-method is-config="true" signature="TearDown()[pri:0, instance:Tests.SubmitOrderTest@514646ef]" started-at="2023-03-03T11:49:52 CET" name="TearDown" finished-at="2023-03-03T11:49:52 CET" duration-ms="37" status="PASS">
          <reporter-output>
          </reporter-output>
        </test-method> <!-- TearDown -->
        <test-method is-config="true" signature="launchApplication()[pri:0, instance:Tests.SubmitOrderTest@514646ef]" started-at="2023-03-03T11:49:52 CET" name="launchApplication" finished-at="2023-03-03T11:49:56 CET" duration-ms="3588" status="PASS">
          <reporter-output>
          </reporter-output>
        </test-method> <!-- launchApplication -->
        <test-method signature="OrderHistoryTest()[pri:0, instance:Tests.SubmitOrderTest@514646ef]" started-at="2023-03-03T11:49:56 CET" name="OrderHistoryTest" finished-at="2023-03-03T11:49:57 CET" depends-on-methods="Tests.SubmitOrderTest.SubmitOrderTest" duration-ms="734" status="PASS">
          <reporter-output>
          </reporter-output>
        </test-method> <!-- OrderHistoryTest -->
        <test-method is-config="true" signature="TearDown()[pri:0, instance:Tests.SubmitOrderTest@514646ef]" started-at="2023-03-03T11:49:57 CET" name="TearDown" finished-at="2023-03-03T11:49:57 CET" duration-ms="22" status="PASS">
          <reporter-output>
          </reporter-output>
        </test-method> <!-- TearDown -->
      </class> <!-- Tests.SubmitOrderTest -->
    </test> <!-- Submit Order Test -->
  </suite> <!-- Suite -->
</testng-results>
